# JRE version: Java(TM) SE Runtime Environment (9.0+11) (build 9.0.4+11)
# Java VM: Java HotSpot(TM) 64-Bit Server VM (9.0.4+11, mixed mode, tiered, compressed oops, g1 gc, windows-amd64)
Heap:
 garbage-first heap   total 270336K, used 160611K [0x0000000700000000, 0x0000000700100840, 0x00000007c0000000)
  region size 1024K, 28 young (28672K), 3 survivors (3072K)
 Metaspace       used 97917K, capacity 101741K, committed 104524K, reserved 1138688K
  class space    used 13169K, capacity 13905K, committed 14464K, reserved 1048576K
GC Heap History (10 events):
Event: 158913.675 GC heap before
{Heap before GC invocations=2276 (full 294):
 garbage-first heap   total 270336K, used 194499K [0x0000000700000000, 0x0000000700100840, 0x00000007c0000000)
  region size 1024K, 60 young (61440K), 3 survivors (3072K)
 Metaspace       used 97759K, capacity 101389K, committed 104524K, reserved 1138688K
  class space    used 13128K, capacity 13845K, committed 14464K, reserved 1048576K
}
Event: 158913.679 GC heap after
{Heap after GC invocations=2277 (full 294):
 garbage-first heap   total 270336K, used 135605K [0x0000000700000000, 0x0000000700100840, 0x00000007c0000000)
  region size 1024K, 2 young (2048K), 2 survivors (2048K)
 Metaspace       used 97759K, capacity 101389K, committed 104524K, reserved 1138688K
  class space    used 13128K, capacity 13845K, committed 14464K, reserved 1048576K
}
Event: 158915.579 GC heap before
{Heap before GC invocations=2277 (full 294):
 garbage-first heap   total 270336K, used 194997K [0x0000000700000000, 0x0000000700100840, 0x00000007c0000000)
  region size 1024K, 60 young (61440K), 2 survivors (2048K)
 Metaspace       used 97759K, capacity 101389K, committed 104524K, reserved 1138688K
  class space    used 13128K, capacity 13845K, committed 14464K, reserved 1048576K
}
Event: 158915.582 GC heap after
{Heap after GC invocations=2278 (full 294):
 garbage-first heap   total 270336K, used 135771K [0x0000000700000000, 0x0000000700100840, 0x00000007c0000000)
  region size 1024K, 2 young (2048K), 2 survivors (2048K)
 Metaspace       used 97759K, capacity 101389K, committed 104524K, reserved 1138688K
  class space    used 13128K, capacity 13845K, committed 14464K, reserved 1048576K
}
Event: 158926.617 GC heap before
{Heap before GC invocations=2278 (full 294):
 garbage-first heap   total 270336K, used 195163K [0x0000000700000000, 0x0000000700100840, 0x00000007c0000000)
  region size 1024K, 60 young (61440K), 2 survivors (2048K)
 Metaspace       used 97759K, capacity 101389K, committed 104524K, reserved 1138688K
  class space    used 13128K, capacity 13845K, committed 14464K, reserved 1048576K
}
Event: 158926.623 GC heap after
{Heap after GC invocations=2279 (full 294):
 garbage-first heap   total 270336K, used 135700K [0x0000000700000000, 0x0000000700100840, 0x00000007c0000000)
  region size 1024K, 2 young (2048K), 2 survivors (2048K)
 Metaspace       used 97759K, capacity 101389K, committed 104524K, reserved 1138688K
  class space    used 13128K, capacity 13845K, committed 14464K, reserved 1048576K
}
Event: 158974.687 GC heap before
{Heap before GC invocations=2279 (full 294):
 garbage-first heap   total 270336K, used 195092K [0x0000000700000000, 0x0000000700100840, 0x00000007c0000000)
  region size 1024K, 60 young (61440K), 2 survivors (2048K)
 Metaspace       used 97759K, capacity 101389K, committed 104524K, reserved 1138688K
  class space    used 13128K, capacity 13845K, committed 14464K, reserved 1048576K
}
Event: 158974.691 GC heap after
{Heap after GC invocations=2280 (full 294):
 garbage-first heap   total 270336K, used 135716K [0x0000000700000000, 0x0000000700100840, 0x00000007c0000000)
  region size 1024K, 2 young (2048K), 2 survivors (2048K)
 Metaspace       used 97759K, capacity 101389K, committed 104524K, reserved 1138688K
  class space    used 13128K, capacity 13845K, committed 14464K, reserved 1048576K
}
Event: 158986.019 GC heap before
{Heap before GC invocations=2280 (full 294):
 garbage-first heap   total 270336K, used 195108K [0x0000000700000000, 0x0000000700100840, 0x00000007c0000000)
  region size 1024K, 60 young (61440K), 2 survivors (2048K)
 Metaspace       used 97911K, capacity 101741K, committed 104524K, reserved 1138688K
  class space    used 13168K, capacity 13905K, committed 14464K, reserved 1048576K
}
Event: 158986.023 GC heap after
{Heap after GC invocations=2281 (full 294):
 garbage-first heap   total 270336K, used 136035K [0x0000000700000000, 0x0000000700100840, 0x00000007c0000000)
  region size 1024K, 3 young (3072K), 3 survivors (3072K)
 Metaspace       used 97911K, capacity 101741K, committed 104524K, reserved 1138688K
  class space    used 13168K, capacity 13905K, committed 14464K, reserved 1048576K
}

